This file contains any messages produced by compilers while
running configure, to aid debugging if configure makes a mistake.

It was created by cctools configure 895, which was
generated by GNU Autoconf 2.73.  Invocation command line was

  $ ./configure --prefix=/usr

## --------- ##
## Platform. ##
## --------- ##

hostname = LancerA400
uname -m = x86_64
uname -r = 7.1.3-arch2-1
uname -s = Linux
uname -v = #1 SMP PREEMPT_DYNAMIC Tue, 14 Jul 2026 23:03:30 +0000

/usr/bin/uname -p = unknown
/bin/uname -X     = unknown

/bin/arch              = x86_64
/usr/bin/arch -k       = x86_64
/usr/convex/getsysinfo = unknown
/usr/bin/hostinfo      = unknown
/bin/machine           = unknown
/usr/bin/oslevel       = unknown
/bin/universe          = unknown

PATH: /usr/local/sbin/
PATH: /usr/local/bin/
PATH: /usr/bin/


## ----------- ##
## Core tests. ##
## ----------- ##

configure:2778: looking for aux files: compile ltmain.sh missing install-sh config.guess config.sub
configure:2791:  trying ./
configure:2820:   ./compile found
configure:2820:   ./ltmain.sh found
configure:2820:   ./missing found
configure:2802:   ./install-sh found
configure:2820:   ./config.guess found
configure:2820:   ./config.sub found
configure:2963: checking build system type
configure:2979: result: x86_64-pc-linux-gnu
configure:2999: checking host system type
configure:3014: result: x86_64-pc-linux-gnu
configure:3034: checking target system type
configure:3049: result: x86_64-pc-linux-gnu
configure:3299: checking for a BSD-compatible install
configure:3373: result: /usr/bin/install -c
configure:3384: checking whether sleep supports fractional seconds
configure:3400: result: yes
configure:3403: checking filesystem timestamp resolution
configure:3538: result: 0.01
configure:3543: checking whether build environment is sane
configure:3588: result: yes
configure:3749: checking for a race-free mkdir -p
configure:3792: result: /usr/bin/mkdir -p
configure:3799: checking for gawk
configure:3820: found /usr/bin/gawk
configure:3832: result: gawk
configure:3843: checking whether make sets $(MAKE)
configure:3867: result: yes
configure:3893: checking whether make supports nested variables
configure:3912: result: yes
configure:3926: checking xargs -n works
configure:3942: result: yes
configure:4022: checking whether UID '0' is supported by ustar format
configure:4028: result: yes
configure:4035: checking whether GID '0' is supported by ustar format
configure:4041: result: yes
configure:4049: checking how to create a ustar tar archive
configure:4060: tar --version
tar (GNU tar) 1.35
Copyright (C) 2023 Free Software Foundation, Inc.
License GPLv3+: GNU GPL version 3 or later <https://gnu.org/licenses/gpl.html>.
This is free software: you are free to change and redistribute it.
There is NO WARRANTY, to the extent permitted by law.

Written by John Gilmore and Jay Fenlason.
configure:4063: $? = 0
configure:4103: tardir=conftest.dir && eval tar --format=ustar -chf - "$tardir" >conftest.tar
configure:4106: $? = 0
configure:4110: tar -xf - <conftest.tar
configure:4113: $? = 0
configure:4115: cat conftest.dir/file
GrepMe
configure:4118: $? = 0
configure:4133: result: gnutar
configure:4162: checking whether to enable maintainer-specific portions of Makefiles
configure:4173: result: no
configure:4239: checking how to print strings
configure:4266: result: printf
configure:4353: checking for gcc
configure:4386: result: clang
configure:4745: checking for C compiler version
configure:4754: clang --version >&5
clang version 22.1.8
Target: x86_64-pc-linux-gnu
Thread model: posix
InstalledDir: /usr/bin
configure:4765: $? = 0
configure:4754: clang -v >&5
clang version 22.1.8
Target: x86_64-pc-linux-gnu
Thread model: posix
InstalledDir: /usr/bin
Found candidate GCC installation: /usr/bin/../lib/gcc/x86_64-pc-linux-gnu/16
Found candidate GCC installation: /usr/bin/../lib64/gcc/x86_64-pc-linux-gnu/16
Selected GCC installation: /usr/bin/../lib64/gcc/x86_64-pc-linux-gnu/16
Candidate multilib: .;@m64
Candidate multilib: 32;@m32
Selected multilib: .;@m64
... rest of stderr output deleted ...
configure:4765: $? = 0
configure:4754: clang -V >&5
clang: error: argument to '-V' is missing (expected 1 value)
clang: error: no input files
configure:4765: $? = 1
configure:4754: clang -qversion >&5
clang: error: unknown argument '-qversion'; did you mean '--version'?
clang: error: no input files
configure:4765: $? = 1
configure:4754: clang -version >&5
clang: error: unknown argument '-version'; did you mean '--version'?
clang: error: no input files
configure:4765: $? = 1
configure:4785: checking whether the C compiler works
configure:4807: clang -O3 -isystem /usr/local/include -isystem /usr/pkg/include   -L/usr/local/lib -L/usr/pkg/lib conftest.c  >&5
configure:4811: $? = 0
configure:4862: result: yes
configure:4866: checking for C compiler default output file name
configure:4868: result: a.out
configure:4874: checking for suffix of executables
configure:4881: clang -o conftest -O3 -isystem /usr/local/include -isystem /usr/pkg/include   -L/usr/local/lib -L/usr/pkg/lib conftest.c  >&5
configure:4885: $? = 0
configure:4909: result: 
configure:4933: checking whether we are cross compiling
configure:4941: clang -o conftest -O3 -isystem /usr/local/include -isystem /usr/pkg/include   -L/usr/local/lib -L/usr/pkg/lib conftest.c  >&5
configure:4945: $? = 0
configure:4952: ./conftest
configure:4956: $? = 0
configure:4971: result: no
configure:4977: checking for suffix of object files
configure:5000: clang -c -O3 -isystem /usr/local/include -isystem /usr/pkg/include  conftest.c >&5
configure:5004: $? = 0
configure:5028: result: o
configure:5032: checking whether the compiler supports GNU C
configure:5052: clang -c -O3 -isystem /usr/local/include -isystem /usr/pkg/include  conftest.c >&5
configure:5052: $? = 0
configure:5064: result: yes
configure:5075: checking whether clang accepts -g
configure:5096: clang -c -g  conftest.c >&5
configure:5096: $? = 0
configure:5143: result: yes
configure:5163: checking for clang option to enable C23 features
configure:5178: clang  -c -O3 -isystem /usr/local/include -isystem /usr/pkg/include  conftest.c >&5
conftest.c:14:3: error: "Compiler advertises conformance to C17 or earlier"
   14 | # error "Compiler advertises conformance to C17 or earlier"
      |   ^
conftest.c:18:23: error: expected function body after function declarator
   18 | char alignas (double) c23_aligned_as_double;
      |                       ^
conftest.c:19:15: error: expected parameter declarator
   19 | char alignas (0) c23_no_special_alignment;
      |               ^
conftest.c:19:15: error: expected ')'
conftest.c:19:14: note: to match this '('
   19 | char alignas (0) c23_no_special_alignment;
      |              ^
conftest.c:19:18: error: expected function body after function declarator
   19 | char alignas (0) c23_no_special_alignment;
      |                  ^
conftest.c:21:15: error: expected parameter declarator
   21 | char alignas (0) alignas (int) c23_aligned_as_int;
      |               ^
conftest.c:21:15: error: expected ')'
conftest.c:21:14: note: to match this '('
   21 | char alignas (0) alignas (int) c23_aligned_as_int;
      |              ^
conftest.c:21:18: error: expected function body after function declarator
   21 | char alignas (0) alignas (int) c23_aligned_as_int;
      |                  ^
conftest.c:26:23: error: call to undeclared function 'alignof'; ISO C99 and later do not support implicit function declarations [-Wimplicit-function-declaration]
   26 |   c23_int_alignment = alignof (int),
      |                       ^
conftest.c:26:32: error: expected expression
   26 |   c23_int_alignment = alignof (int),
      |                                ^
conftest.c:27:38: error: expected expression
   27 |   c23_int_array_alignment = alignof (int[100]),
      |                                      ^
conftest.c:28:33: error: expected expression
   28 |   c23_char_alignment = alignof (char)
      |                                 ^
conftest.c:30:16: error: expected parameter declarator
   30 | static_assert (0 < -alignof (int), "alignof is signed");
      |                ^
conftest.c:30:16: error: expected ')'
conftest.c:30:15: note: to match this '('
   30 | static_assert (0 < -alignof (int), "alignof is signed");
      |               ^
conftest.c:30:1: error: type specifier missing, defaults to 'int'; ISO C99 and later do not support implicit int [-Wimplicit-int]
   30 | static_assert (0 < -alignof (int), "alignof is signed");
      | ^
      | int
conftest.c:32:41: warning: omitting the parameter name in a function definition is a C23 extension [-Wc23-extensions]
   32 | int function_with_unnamed_parameter (int) { return 0; }
      |                                         ^
conftest.c:38:1: error: unknown type name 'bool'
   38 | bool use_u8 = (!sizeof u8"\xFF") == (!u8'x');
      | ^
conftest.c:38:39: error: use of undeclared identifier 'u8'
   38 | bool use_u8 = (!sizeof u8"\xFF") == (!u8'x');
      |                                       ^~
conftest.c:40:1: error: unknown type name 'bool'
   40 | bool check_that_bool_works = true | false | !nullptr;
      | ^
conftest.c:40:30: error: use of undeclared identifier 'true'
   40 | bool check_that_bool_works = true | false | !nullptr;
      |                              ^~~~
fatal error: too many errors emitted, stopping now [-ferror-limit=]
1 warning and 20 errors generated.
configure:5178: $? = 1
configure: failed program was:
| /* confdefs.h */
| #define PACKAGE_NAME "cctools"
| #define PACKAGE_TARNAME "cctools"
| #define PACKAGE_VERSION "895"
| #define PACKAGE_STRING "cctools 895"
| #define PACKAGE_BUGREPORT "t.poechtrager@gmail.com"
| #define PACKAGE_URL ""
| /* end confdefs.h.  */
| 
| /* Does the compiler advertise conformance to C17 or earlier?
|    Although GCC 14 does not do that, even with -std=gnu23,
|    it is close enough, and defines __STDC_VERSION == 202000L.  */
| #if !defined __STDC_VERSION__ || __STDC_VERSION__ <= 201710L
| # error "Compiler advertises conformance to C17 or earlier"
| #endif
| 
| // Check alignas.
| char alignas (double) c23_aligned_as_double;
| char alignas (0) c23_no_special_alignment;
| extern char c23_aligned_as_int;
| char alignas (0) alignas (int) c23_aligned_as_int;
| 
| // Check alignof.
| enum
| {
|   c23_int_alignment = alignof (int),
|   c23_int_array_alignment = alignof (int[100]),
|   c23_char_alignment = alignof (char)
| };
| static_assert (0 < -alignof (int), "alignof is signed");
| 
| int function_with_unnamed_parameter (int) { return 0; }
| 
| void c23_noreturn ();
| 
| /* Test parsing of string and char UTF-8 literals (including hex escapes).
|    The parens pacify GCC 15.  */
| bool use_u8 = (!sizeof u8"\xFF") == (!u8'x');
| 
| bool check_that_bool_works = true | false | !nullptr;
| #if !true
| # error "true does not work in #if"
| #endif
| #if false
| #elifdef __STDC_VERSION__
| #else
| # error "#elifdef does not work"
| #endif
| 
| #ifndef __has_c_attribute
| # error "__has_c_attribute not defined"
| #endif
| 
| #ifndef __has_include
| # error "__has_include not defined"
| #endif
| 
| #define LPAREN() (
| #define FORTY_TWO(x) 42
| #define VA_OPT_TEST(r, x, ...) __VA_OPT__ (FORTY_TWO r x))
| static_assert (VA_OPT_TEST (LPAREN (), 0, <:-) == 42);
| 
| static_assert (0b101010 == 42);
| static_assert (0B101010 == 42);
| static_assert (0xDEAD'BEEF == 3'735'928'559);
| static_assert (0.500'000'000 == 0.5);
| 
| enum unsignedish : unsigned int { uione = 1 };
| static_assert (0 < -uione);
| 
| #include <stddef.h>
| constexpr nullptr_t null_pointer = nullptr;
| 
| static typeof (1 + 1L) two () { return 2; }
| static long int three () { return 3; }
| 
| 
| int
| main (int, char **)
| {
|   int ok = 0;
|   
|   {
|     label_before_declaration:
|       int arr[10] = {};
|       if (arr[0])
|         goto label_before_declaration;
|       if (!arr[0])
|         goto label_at_end_of_block;
|     label_at_end_of_block:
|   }
|   ok |= !null_pointer;
|   ok |= two != three;
| 
|   return ok;
| }
| 
configure:5178: clang -std=gnu23 -c -O3 -isystem /usr/local/include -isystem /usr/pkg/include  conftest.c >&5
conftest.c:40:46: warning: implicit conversion of nullptr constant to 'bool' [-Wnull-conversion]
   40 | bool check_that_bool_works = true | false | !nullptr;
      |                                             ~^~~~~~~
      |                                              0
conftest.c:92:10: warning: implicit conversion of nullptr constant to 'bool' [-Wnull-conversion]
   92 |   ok |= !null_pointer;
      |         ~^~~~~~~~~~~~
      |          0
2 warnings generated.
configure:5178: $? = 0
configure:5200: result: -std=gnu23
configure:5370: checking whether clang -std=gnu23 understands -c and -o together
configure:5393: clang -std=gnu23 -c conftest.c -o conftest2.o
configure:5396: $? = 0
configure:5393: clang -std=gnu23 -c conftest.c -o conftest2.o
configure:5396: $? = 0
configure:5412: result: yes
configure:5429: checking for a sed that does not truncate output
configure:5501: result: /usr/bin/sed
configure:5519: checking for grep that handles long lines and -e
configure:5585: result: /usr/bin/grep
configure:5590: checking for egrep
configure:5660: result: /usr/bin/grep -E
configure:5667: checking for fgrep
configure:5737: result: /usr/bin/grep -F
configure:5774: checking for ld used by clang -std=gnu23
configure:5843: result: /usr/bin/ld
configure:5850: checking if the linker (/usr/bin/ld) is GNU ld
configure:5867: result: yes
configure:5879: checking for BSD- or MS-compatible name lister (nm)
configure:5935: result: /usr/bin/nm -B
configure:6077: checking the name lister (/usr/bin/nm -B) interface
configure:6085: clang -std=gnu23 -c -O3 -isystem /usr/local/include -isystem /usr/pkg/include  conftest.c >&5
configure:6088: /usr/bin/nm -B "conftest.o"
configure:6091: output
0000000000000000 B some_variable
configure:6099: result: BSD nm
configure:6102: checking whether ln -s works
configure:6106: result: yes
configure:6114: checking the maximum length of command line arguments
configure:6247: result: 1572864
configure:6295: checking how to convert x86_64-pc-linux-gnu file names to x86_64-pc-linux-gnu format
configure:6337: result: func_convert_file_noop
configure:6344: checking how to convert x86_64-pc-linux-gnu file names to toolchain format
configure:6366: result: func_convert_file_noop
configure:6444: checking for /usr/bin/ld option to reload object files
configure:6453: result: -r
configure:6486: checking for file
configure:6507: found /usr/bin/file
configure:6520: result: file
configure:6583: checking for objdump
configure:6604: found /usr/bin/objdump
configure:6616: result: objdump
configure:6648: checking how to recognize dependent libraries
configure:6857: result: pass_all
configure:6948: checking for dlltool
configure:6984: result: no
configure:7014: checking how to associate runtime and link libraries
configure:7043: result: printf %s\n
configure:7104: checking for ranlib
configure:7125: found /usr/bin/ranlib
configure:7137: result: ranlib
configure:7214: checking for ar
configure:7235: found /usr/bin/ar
configure:7247: result: ar
configure:7300: checking for archiver @FILE support
configure:7318: clang -std=gnu23 -c -O3 -isystem /usr/local/include -isystem /usr/pkg/include  conftest.c >&5
configure:7318: $? = 0
configure:7322: ar cr libconftest.a @conftest.lst >&5
configure:7325: $? = 0
configure:7330: ar cr libconftest.a @conftest.lst >&5
ar: conftest.o: No such file or directory
configure:7333: $? = 1
configure:7346: result: @
configure:7410: checking for strip
configure:7431: found /usr/bin/strip
configure:7443: result: strip
configure:7546: checking command to parse /usr/bin/nm -B output from clang -std=gnu23 object
configure:7702: clang -std=gnu23 -c -O3 -isystem /usr/local/include -isystem /usr/pkg/include  conftest.c >&5
configure:7705: $? = 0
configure:7709: /usr/bin/nm -B conftest.o | /usr/bin/sed -n -e 's/^.*[	 ]\([ABCDGIRSTW][ABCDGIRSTW]*\)[	 ][	 ]*\([_A-Za-z][_A-Za-z0-9]*\)$/\1 \2 \2/p' | /usr/bin/sed '/ __gnu_lto/d' > conftest.nm
configure:7775: clang -std=gnu23 -o conftest -O3 -isystem /usr/local/include -isystem /usr/pkg/include   -L/usr/local/lib -L/usr/pkg/lib conftest.c conftstm.o >&5
configure:7778: $? = 0
configure:7817: result: ok
configure:7864: checking for sysroot
configure:7898: result: no
configure:7905: checking for a working dd
configure:7950: result: /usr/bin/dd
configure:7954: checking how to truncate binary pipes
configure:7971: result: /usr/bin/dd bs=4096 count=1
configure:8108: clang -std=gnu23 -c -O3 -isystem /usr/local/include -isystem /usr/pkg/include  conftest.c >&5
configure:8111: $? = 0
configure:8311: checking for mt
configure:8347: result: no
configure:8367: checking if : is a manifest tool
configure:8374: : '-?'
configure:8383: result: no
configure:9180: checking for stdio.h
configure:9180: clang -std=gnu23 -c -O3 -isystem /usr/local/include -isystem /usr/pkg/include  conftest.c >&5
configure:9180: $? = 0
configure:9180: result: yes
configure:9180: checking for stdlib.h
configure:9180: clang -std=gnu23 -c -O3 -isystem /usr/local/include -isystem /usr/pkg/include  conftest.c >&5
configure:9180: $? = 0
configure:9180: result: yes
configure:9180: checking for string.h
configure:9180: clang -std=gnu23 -c -O3 -isystem /usr/local/include -isystem /usr/pkg/include  conftest.c >&5
configure:9180: $? = 0
configure:9180: result: yes
configure:9180: checking for inttypes.h
configure:9180: clang -std=gnu23 -c -O3 -isystem /usr/local/include -isystem /usr/pkg/include  conftest.c >&5
configure:9180: $? = 0
configure:9180: result: yes
configure:9180: checking for stdint.h
configure:9180: clang -std=gnu23 -c -O3 -isystem /usr/local/include -isystem /usr/pkg/include  conftest.c >&5
configure:9180: $? = 0
configure:9180: result: yes
configure:9180: checking for strings.h
configure:9180: clang -std=gnu23 -c -O3 -isystem /usr/local/include -isystem /usr/pkg/include  conftest.c >&5
configure:9180: $? = 0
configure:9180: result: yes
configure:9180: checking for sys/stat.h
configure:9180: clang -std=gnu23 -c -O3 -isystem /usr/local/include -isystem /usr/pkg/include  conftest.c >&5
configure:9180: $? = 0
configure:9180: result: yes
configure:9180: checking for sys/types.h
configure:9180: clang -std=gnu23 -c -O3 -isystem /usr/local/include -isystem /usr/pkg/include  conftest.c >&5
configure:9180: $? = 0
configure:9180: result: yes
configure:9180: checking for unistd.h
configure:9180: clang -std=gnu23 -c -O3 -isystem /usr/local/include -isystem /usr/pkg/include  conftest.c >&5
configure:9180: $? = 0
configure:9180: result: yes
configure:9205: checking for dlfcn.h
configure:9205: clang -std=gnu23 -c -O3 -isystem /usr/local/include -isystem /usr/pkg/include  conftest.c >&5
configure:9205: $? = 0
configure:9205: result: yes
configure:9490: checking which variant of shared library versioning to provide
configure:9493: result: (default) aix
configure:9561: checking for objdir
configure:9578: result: .libs
configure:9844: checking if clang -std=gnu23 supports -fno-rtti -fno-exceptions
configure:9863: clang -std=gnu23 -c -O3 -isystem /usr/local/include -isystem /usr/pkg/include  -fno-rtti -fno-exceptions conftest.c >&5
configure:9867: $? = 0
configure:9881: result: yes
configure:10260: checking for clang -std=gnu23 option to produce PIC
configure:10269: result: -fPIC -DPIC
configure:10277: checking if clang -std=gnu23 PIC flag -fPIC -DPIC works
configure:10296: clang -std=gnu23 -c -O3 -isystem /usr/local/include -isystem /usr/pkg/include  -fPIC -DPIC -DPIC conftest.c >&5
configure:10300: $? = 0
configure:10314: result: yes
configure:10343: checking if clang -std=gnu23 static flag -static works
configure:10373: result: yes
configure:10388: checking if clang -std=gnu23 supports -c -o file.o
configure:10410: clang -std=gnu23 -c -O3 -isystem /usr/local/include -isystem /usr/pkg/include  -o out/conftest2.o conftest.c >&5
configure:10414: $? = 0
configure:10437: result: yes
configure:10445: checking if clang -std=gnu23 supports -c -o file.o
configure:10494: result: yes
configure:10527: checking whether the clang -std=gnu23 linker (/usr/bin/ld -m elf_x86_64) supports shared libraries
configure:11815: result: yes
configure:11852: checking whether -lc should be explicitly linked in
configure:11861: clang -std=gnu23 -c -O3 -isystem /usr/local/include -isystem /usr/pkg/include  conftest.c >&5
configure:11864: $? = 0
configure:11879: clang -std=gnu23 -shared  -fPIC -DPIC conftest.o  -v -Wl,-soname -Wl,conftest -o conftest 2\>\&1 \| /usr/bin/grep  -lc  \>/dev/null 2\>\&1
configure:11882: $? = 0
configure:11897: result: no
configure:12057: checking dynamic linker characteristics
configure:12688: clang -std=gnu23 -o conftest -O3 -isystem /usr/local/include -isystem /usr/pkg/include   -L/usr/local/lib -L/usr/pkg/lib -Wl,-rpath -Wl,/foo conftest.c  >&5
configure:12688: $? = 0
configure:13456: result: GNU/Linux ld.so
configure:13578: checking how to hardcode library paths into programs
configure:13603: result: immediate
configure:14203: checking whether stripping libraries is possible
configure:14212: result: yes
configure:14254: checking if libtool supports shared libraries
configure:14256: result: yes
configure:14259: checking whether to build shared libraries
configure:14284: result: yes
configure:14287: checking whether to build static libraries
configure:14291: result: no
configure:14462: checking for C compiler version
configure:14471: clang -std=gnu23 --version >&5
clang version 22.1.8
Target: x86_64-pc-linux-gnu
Thread model: posix
InstalledDir: /usr/bin
configure:14482: $? = 0
configure:14471: clang -std=gnu23 -v >&5
clang version 22.1.8
Target: x86_64-pc-linux-gnu
Thread model: posix
InstalledDir: /usr/bin
Found candidate GCC installation: /usr/bin/../lib/gcc/x86_64-pc-linux-gnu/16
Found candidate GCC installation: /usr/bin/../lib64/gcc/x86_64-pc-linux-gnu/16
Selected GCC installation: /usr/bin/../lib64/gcc/x86_64-pc-linux-gnu/16
Candidate multilib: .;@m64
Candidate multilib: 32;@m32
Selected multilib: .;@m64
... rest of stderr output deleted ...
configure:14482: $? = 0
configure:14471: clang -std=gnu23 -V >&5
clang: error: argument to '-V' is missing (expected 1 value)
clang: error: no input files
configure:14482: $? = 1
configure:14471: clang -std=gnu23 -qversion >&5
clang: error: unknown argument '-qversion'; did you mean '--version'?
clang: error: no input files
configure:14482: $? = 1
configure:14471: clang -std=gnu23 -version >&5
clang: error: unknown argument '-version'; did you mean '--version'?
clang: error: no input files
configure:14482: $? = 1
configure:14486: checking whether the compiler supports GNU C
configure:14518: result: yes
configure:14529: checking whether clang -std=gnu23 accepts -g
configure:14597: result: yes
configure:14617: checking for clang -std=gnu23 option to enable C23 features
configure:14654: result: -std=gnu23
configure:14824: checking whether clang -std=gnu23 -std=gnu23 understands -c and -o together
configure:14866: result: yes
configure:15007: checking for C++ compiler version
configure:15016: clang++ --version >&5
clang version 22.1.8
Target: x86_64-pc-linux-gnu
Thread model: posix
InstalledDir: /usr/bin
configure:15027: $? = 0
configure:15016: clang++ -v >&5
clang version 22.1.8
Target: x86_64-pc-linux-gnu
Thread model: posix
InstalledDir: /usr/bin
Found candidate GCC installation: /usr/bin/../lib/gcc/x86_64-pc-linux-gnu/16
Found candidate GCC installation: /usr/bin/../lib64/gcc/x86_64-pc-linux-gnu/16
Selected GCC installation: /usr/bin/../lib64/gcc/x86_64-pc-linux-gnu/16
Candidate multilib: .;@m64
Candidate multilib: 32;@m32
Selected multilib: .;@m64
... rest of stderr output deleted ...
configure:15027: $? = 0
configure:15016: clang++ -V >&5
clang++: error: argument to '-V' is missing (expected 1 value)
clang++: error: no input files
configure:15027: $? = 1
configure:15016: clang++ -qversion >&5
clang++: error: unknown argument '-qversion'; did you mean '--version'?
clang++: error: no input files
configure:15027: $? = 1
configure:15031: checking whether the compiler supports GNU C++
configure:15051: clang++ -c -O3 -std=c++0x -isystem /usr/local/include -isystem /usr/pkg/include  -fblocks  conftest.cpp >&5
configure:15051: $? = 0
configure:15063: result: yes
configure:15074: checking whether clang++ accepts -g
configure:15095: clang++ -c -g  conftest.cpp >&5
configure:15095: $? = 0
configure:15142: result: yes
configure:15183: checking how to run the C++ preprocessor
configure:15205: clang++ -E  conftest.cpp
configure:15205: $? = 0
configure:15221: clang++ -E  conftest.cpp
conftest.cpp:21:10: fatal error: 'ac_nonexistent.h' file not found
   21 | #include <ac_nonexistent.h>
      |          ^~~~~~~~~~~~~~~~~~
1 error generated.
configure:15221: $? = 1
configure: failed program was:
| /* confdefs.h */
| #define PACKAGE_NAME "cctools"
| #define PACKAGE_TARNAME "cctools"
| #define PACKAGE_VERSION "895"
| #define PACKAGE_STRING "cctools 895"
| #define PACKAGE_BUGREPORT "t.poechtrager@gmail.com"
| #define PACKAGE_URL ""
| #define HAVE_STDIO_H 1
| #define HAVE_STDLIB_H 1
| #define HAVE_STRING_H 1
| #define HAVE_INTTYPES_H 1
| #define HAVE_STDINT_H 1
| #define HAVE_STRINGS_H 1
| #define HAVE_SYS_STAT_H 1
| #define HAVE_SYS_TYPES_H 1
| #define HAVE_UNISTD_H 1
| #define STDC_HEADERS 1
| #define HAVE_DLFCN_H 1
| #define LT_OBJDIR ".libs/"
| /* end confdefs.h.  */
| #include <ac_nonexistent.h>
configure:15250: result: clang++ -E
configure:15264: clang++ -E  conftest.cpp
configure:15264: $? = 0
configure:15280: clang++ -E  conftest.cpp
conftest.cpp:21:10: fatal error: 'ac_nonexistent.h' file not found
   21 | #include <ac_nonexistent.h>
      |          ^~~~~~~~~~~~~~~~~~
1 error generated.
configure:15280: $? = 1
configure: failed program was:
| /* confdefs.h */
| #define PACKAGE_NAME "cctools"
| #define PACKAGE_TARNAME "cctools"
| #define PACKAGE_VERSION "895"
| #define PACKAGE_STRING "cctools 895"
| #define PACKAGE_BUGREPORT "t.poechtrager@gmail.com"
| #define PACKAGE_URL ""
| #define HAVE_STDIO_H 1
| #define HAVE_STDLIB_H 1
| #define HAVE_STRING_H 1
| #define HAVE_INTTYPES_H 1
| #define HAVE_STDINT_H 1
| #define HAVE_STRINGS_H 1
| #define HAVE_SYS_STAT_H 1
| #define HAVE_SYS_TYPES_H 1
| #define HAVE_UNISTD_H 1
| #define STDC_HEADERS 1
| #define HAVE_DLFCN_H 1
| #define LT_OBJDIR ".libs/"
| /* end confdefs.h.  */
| #include <ac_nonexistent.h>
configure:15448: checking for ld used by clang++
configure:15517: result: /usr/bin/ld -m elf_x86_64
configure:15524: checking if the linker (/usr/bin/ld -m elf_x86_64) is GNU ld
configure:15541: result: yes
configure:15595: checking whether the clang++ linker (/usr/bin/ld -m elf_x86_64) supports shared libraries
configure:16698: result: yes
configure:16734: clang++ -c -O3 -std=c++0x -isystem /usr/local/include -isystem /usr/pkg/include  -fblocks  conftest.cpp >&5
configure:16737: $? = 0
configure:17227: checking for clang++ option to produce PIC
configure:17236: result: -fPIC -DPIC
configure:17244: checking if clang++ PIC flag -fPIC -DPIC works
configure:17263: clang++ -c -O3 -std=c++0x -isystem /usr/local/include -isystem /usr/pkg/include  -fblocks  -fPIC -DPIC -DPIC conftest.cpp >&5
configure:17267: $? = 0
configure:17281: result: yes
configure:17304: checking if clang++ static flag -static works
configure:17334: result: yes
configure:17346: checking if clang++ supports -c -o file.o
configure:17368: clang++ -c -O3 -std=c++0x -isystem /usr/local/include -isystem /usr/pkg/include  -fblocks  -o out/conftest2.o conftest.cpp >&5
configure:17372: $? = 0
configure:17395: result: yes
configure:17400: checking if clang++ supports -c -o file.o
configure:17449: result: yes
configure:17479: checking whether the clang++ linker (/usr/bin/ld -m elf_x86_64) supports shared libraries
configure:17520: result: yes
configure:17663: checking dynamic linker characteristics
configure:18966: result: GNU/Linux ld.so
configure:19031: checking how to hardcode library paths into programs
configure:19056: result: immediate
configure:19215: checking for Objective C compiler version
configure:19224: clang --version >&5
clang version 22.1.8
Target: x86_64-pc-linux-gnu
Thread model: posix
InstalledDir: /usr/bin
configure:19235: $? = 0
configure:19224: clang -v >&5
clang version 22.1.8
Target: x86_64-pc-linux-gnu
Thread model: posix
InstalledDir: /usr/bin
Found candidate GCC installation: /usr/bin/../lib/gcc/x86_64-pc-linux-gnu/16
Found candidate GCC installation: /usr/bin/../lib64/gcc/x86_64-pc-linux-gnu/16
Selected GCC installation: /usr/bin/../lib64/gcc/x86_64-pc-linux-gnu/16
Candidate multilib: .;@m64
Candidate multilib: 32;@m32
Selected multilib: .;@m64
... rest of stderr output deleted ...
configure:19235: $? = 0
configure:19224: clang -V >&5
clang: error: argument to '-V' is missing (expected 1 value)
clang: error: no input files
configure:19235: $? = 1
configure:19224: clang -qversion >&5
clang: error: unknown argument '-qversion'; did you mean '--version'?
clang: error: no input files
configure:19235: $? = 1
configure:19239: checking whether the compiler supports GNU Objective C
configure:19259: clang -c -O3  conftest.m >&5
configure:19259: $? = 0
configure:19271: result: yes
configure:19282: checking whether clang accepts -g
configure:19303: clang -c -g  conftest.m >&5
configure:19303: $? = 0
configure:19350: result: yes
configure:19421: checking for gcc
configure:19454: result: clang
configure:19525: checking for gnustep-config
configure:19561: result: no
configure:19632: checking for Objective C compilation
configure:19662: clang -std=gnu23 -std=gnu23 -c -O3  conftest.m >&5
conftest.m:21:9: fatal error: 'Foundation/Foundation.h' file not found
   21 | #import <Foundation/Foundation.h>
      |         ^~~~~~~~~~~~~~~~~~~~~~~~~
1 error generated.
configure:19662: $? = 1
configure: failed program was:
| /* confdefs.h */
| #define PACKAGE_NAME "cctools"
| #define PACKAGE_TARNAME "cctools"
| #define PACKAGE_VERSION "895"
| #define PACKAGE_STRING "cctools 895"
| #define PACKAGE_BUGREPORT "t.poechtrager@gmail.com"
| #define PACKAGE_URL ""
| #define HAVE_STDIO_H 1
| #define HAVE_STDLIB_H 1
| #define HAVE_STRING_H 1
| #define HAVE_INTTYPES_H 1
| #define HAVE_STDINT_H 1
| #define HAVE_STRINGS_H 1
| #define HAVE_SYS_STAT_H 1
| #define HAVE_SYS_TYPES_H 1
| #define HAVE_UNISTD_H 1
| #define STDC_HEADERS 1
| #define HAVE_DLFCN_H 1
| #define LT_OBJDIR ".libs/"
| /* end confdefs.h.  */
| #import <Foundation/Foundation.h>
| @interface Addition : NSObject
| - (int)this:(int)a that:(int)b;
| @end
| 
| @implementation Addition
| - (int)this:(int)a that:(int)b
| {
|   return a + b;
| }
| @end
| 
| int
| main (void)
| {
| 
|   ;
|   return 0;
| }
configure:19676: result: no
configure:19723: checking if clang supports -fno-rtti -fno-exceptions
configure:19760: result: yes
configure:20136: checking for clang option to produce PIC
configure:20145: result: -fPIC
configure:20153: checking if clang PIC flag -fPIC works
configure:20172: clang -c -O3  -fPIC conftest.m >&5
configure:20176: $? = 0
configure:20190: result: yes
configure:20213: checking if clang static flag -static works
configure:20243: result: yes
configure:20255: checking if clang supports -c -o file.o
configure:20277: clang -c -O3  -o out/conftest2.o conftest.m >&5
configure:20281: $? = 0
configure:20304: result: yes
configure:20309: checking if clang supports -c -o file.o
configure:20358: result: yes
configure:20388: checking whether the clang linker (/usr/bin/ld -m elf_x86_64) supports shared libraries
configure:21635: result: yes
configure:21663: checking whether -lc should be explicitly linked in
configure:21672: clang -c -O3  conftest.m >&5
configure:21675: $? = 0
configure:21690: clang -shared  -fPIC conftest.o  -v -Wl,-soname -Wl,conftest -o conftest 2\>\&1 \| /usr/bin/grep  -lc  \>/dev/null 2\>\&1
configure:21693: $? = 0
configure:21708: result: no
configure:21778: checking how to hardcode library paths into programs
configure:21803: result: immediate
configure:21892: checking for ranlib
configure:21913: found /usr/bin/ranlib
configure:21925: result: ranlib
configure:21996: checking for ar
configure:22017: found /usr/bin/ar
configure:22029: result: ar
configure:22124: checking for dlopen in -ldl
configure:22153: clang -std=gnu23 -std=gnu23 -o conftest -O3 -isystem /usr/local/include -isystem /usr/pkg/include   -L/usr/local/lib -L/usr/pkg/lib conftest.c -ldl   >&5
configure:22153: $? = 0
configure:22165: result: yes
configure:22174: checking for pthread_create in -lpthread
configure:22203: clang -std=gnu23 -std=gnu23 -o conftest -O3 -isystem /usr/local/include -isystem /usr/pkg/include   -L/usr/local/lib -L/usr/pkg/lib conftest.c -lpthread   >&5
configure:22203: $? = 0
configure:22215: result: yes
configure:22226: checking for execinfo.h
configure:22226: clang -std=gnu23 -std=gnu23 -c -O3 -isystem /usr/local/include -isystem /usr/pkg/include  conftest.c >&5
configure:22226: $? = 0
configure:22226: result: yes
configure:22231: checking for backtrace in -lexecinfo
configure:22260: clang -std=gnu23 -std=gnu23 -o conftest -O3 -isystem /usr/local/include -isystem /usr/pkg/include   -L/usr/local/lib -L/usr/pkg/lib conftest.c -lexecinfo   >&5
/usr/bin/ld: cannot find -lexecinfo: No such file or directory
clang: error: linker command failed with exit code 1 (use -v to see invocation)
configure:22260: $? = 1
configure: failed program was:
| /* confdefs.h */
| #define PACKAGE_NAME "cctools"
| #define PACKAGE_TARNAME "cctools"
| #define PACKAGE_VERSION "895"
| #define PACKAGE_STRING "cctools 895"
| #define PACKAGE_BUGREPORT "t.poechtrager@gmail.com"
| #define PACKAGE_URL ""
| #define HAVE_STDIO_H 1
| #define HAVE_STDLIB_H 1
| #define HAVE_STRING_H 1
| #define HAVE_INTTYPES_H 1
| #define HAVE_STDINT_H 1
| #define HAVE_STRINGS_H 1
| #define HAVE_SYS_STAT_H 1
| #define HAVE_SYS_TYPES_H 1
| #define HAVE_UNISTD_H 1
| #define STDC_HEADERS 1
| #define HAVE_DLFCN_H 1
| #define LT_OBJDIR ".libs/"
| #define EMULATED_HOST_CPU_TYPE 16777223
| #define EMULATED_HOST_CPU_SUBTYPE 3
| #define __STDC_LIMIT_MACROS 1
| #define __STDC_CONSTANT_MACROS 1
| #define HAVE_EXECINFO_H 1
| /* end confdefs.h.  */
| 
| /* Override any GCC internal prototype to avoid an error.
|    Use char because int might match the return type of a GCC
|    builtin and then its argument prototype would still apply.
|    The 'extern "C"' is for builds by C++ compilers;
|    although this is not generally supported in C code supporting it here
|    has little cost and some practical benefit (sr 110532).  */
| #ifdef __cplusplus
| extern "C"
| #endif
| char backtrace (void);
| int
| main (void)
| {
| return backtrace ();
|   ;
|   return 0;
| }
configure:22272: result: no
configure:22284: checking for uuid_generate_random in -luuid
configure:22313: clang -std=gnu23 -std=gnu23 -o conftest -O3 -isystem /usr/local/include -isystem /usr/pkg/include   -L/usr/local/lib -L/usr/pkg/lib conftest.c -luuid   >&5
configure:22313: $? = 0
configure:22325: result: yes
configure:22332: checking for uuid/uuid.h
configure:22332: clang -std=gnu23 -std=gnu23 -c -O3 -isystem /usr/local/include -isystem /usr/pkg/include  conftest.c >&5
configure:22332: $? = 0
configure:22332: result: yes
configure:22344: checking for strmode
configure:22344: clang -std=gnu23 -std=gnu23 -o conftest -O3 -isystem /usr/local/include -isystem /usr/pkg/include   -L/usr/local/lib -L/usr/pkg/lib conftest.c  >&5
/usr/bin/ld: /tmp/conftest-d97ce5.o: in function `main':
conftest.c:(.text+0x2): undefined reference to `strmode'
clang: error: linker command failed with exit code 1 (use -v to see invocation)
configure:22344: $? = 1
configure: failed program was:
| /* confdefs.h */
| #define PACKAGE_NAME "cctools"
| #define PACKAGE_TARNAME "cctools"
| #define PACKAGE_VERSION "895"
| #define PACKAGE_STRING "cctools 895"
| #define PACKAGE_BUGREPORT "t.poechtrager@gmail.com"
| #define PACKAGE_URL ""
| #define HAVE_STDIO_H 1
| #define HAVE_STDLIB_H 1
| #define HAVE_STRING_H 1
| #define HAVE_INTTYPES_H 1
| #define HAVE_STDINT_H 1
| #define HAVE_STRINGS_H 1
| #define HAVE_SYS_STAT_H 1
| #define HAVE_SYS_TYPES_H 1
| #define HAVE_UNISTD_H 1
| #define STDC_HEADERS 1
| #define HAVE_DLFCN_H 1
| #define LT_OBJDIR ".libs/"
| #define EMULATED_HOST_CPU_TYPE 16777223
| #define EMULATED_HOST_CPU_SUBTYPE 3
| #define __STDC_LIMIT_MACROS 1
| #define __STDC_CONSTANT_MACROS 1
| #define HAVE_EXECINFO_H 1
| #define HAVE_UUID_UUID_H 1
| /* end confdefs.h.  */
| /* Define strmode to an innocuous variant, in case <limits.h> declares strmode.
|    For example, HP-UX 11i <limits.h> declares gettimeofday.  */
| #define strmode innocuous_strmode
| 
| /* System header to define __stub macros and hopefully few prototypes,
|    which can conflict with char strmode (void); below.  */
| 
| #include <limits.h>
| #undef strmode
| 
| /* Override any GCC internal prototype to avoid an error.
|    Use char because int might match the return type of a GCC
|    builtin and then its argument prototype would still apply.  */
| #ifdef __cplusplus
| extern "C"
| #endif
| char strmode (void);
| /* The GNU C library defines this for functions which it implements
|     to always fail with ENOSYS.  Some functions are actually named
|     something starting with __ and the normal name is an alias.  */
| #if defined __stub_strmode || defined __stub___strmode
| choke me
| #endif
| 
| int
| main (void)
| {
| return strmode ();
|   ;
|   return 0;
| }
configure:22344: result: no
configure:22354: checking for __cxa_demangle in -lc++abi
configure:22383: clang -std=gnu23 -std=gnu23 -o conftest -O3 -isystem /usr/local/include -isystem /usr/pkg/include   -L/usr/local/lib -L/usr/pkg/lib conftest.c -lc++abi   >&5
/usr/bin/ld: cannot find -lc++abi: No such file or directory
clang: error: linker command failed with exit code 1 (use -v to see invocation)
configure:22383: $? = 1
configure: failed program was:
| /* confdefs.h */
| #define PACKAGE_NAME "cctools"
| #define PACKAGE_TARNAME "cctools"
| #define PACKAGE_VERSION "895"
| #define PACKAGE_STRING "cctools 895"
| #define PACKAGE_BUGREPORT "t.poechtrager@gmail.com"
| #define PACKAGE_URL ""
| #define HAVE_STDIO_H 1
| #define HAVE_STDLIB_H 1
| #define HAVE_STRING_H 1
| #define HAVE_INTTYPES_H 1
| #define HAVE_STDINT_H 1
| #define HAVE_STRINGS_H 1
| #define HAVE_SYS_STAT_H 1
| #define HAVE_SYS_TYPES_H 1
| #define HAVE_UNISTD_H 1
| #define STDC_HEADERS 1
| #define HAVE_DLFCN_H 1
| #define LT_OBJDIR ".libs/"
| #define EMULATED_HOST_CPU_TYPE 16777223
| #define EMULATED_HOST_CPU_SUBTYPE 3
| #define __STDC_LIMIT_MACROS 1
| #define __STDC_CONSTANT_MACROS 1
| #define HAVE_EXECINFO_H 1
| #define HAVE_UUID_UUID_H 1
| /* end confdefs.h.  */
| 
| /* Override any GCC internal prototype to avoid an error.
|    Use char because int might match the return type of a GCC
|    builtin and then its argument prototype would still apply.
|    The 'extern "C"' is for builds by C++ compilers;
|    although this is not generally supported in C code supporting it here
|    has little cost and some practical benefit (sr 110532).  */
| #ifdef __cplusplus
| extern "C"
| #endif
| char __cxa_demangle (void);
| int
| main (void)
| {
| return __cxa_demangle ();
|   ;
|   return 0;
| }
configure:22395: result: no
configure:22402: checking for __cxa_demangle in -lc++
configure:22431: clang -std=gnu23 -std=gnu23 -o conftest -O3 -isystem /usr/local/include -isystem /usr/pkg/include   -L/usr/local/lib -L/usr/pkg/lib conftest.c -lc++   >&5
/usr/bin/ld: cannot find -lc++: No such file or directory
clang: error: linker command failed with exit code 1 (use -v to see invocation)
configure:22431: $? = 1
configure: failed program was:
| /* confdefs.h */
| #define PACKAGE_NAME "cctools"
| #define PACKAGE_TARNAME "cctools"
| #define PACKAGE_VERSION "895"
| #define PACKAGE_STRING "cctools 895"
| #define PACKAGE_BUGREPORT "t.poechtrager@gmail.com"
| #define PACKAGE_URL ""
| #define HAVE_STDIO_H 1
| #define HAVE_STDLIB_H 1
| #define HAVE_STRING_H 1
| #define HAVE_INTTYPES_H 1
| #define HAVE_STDINT_H 1
| #define HAVE_STRINGS_H 1
| #define HAVE_SYS_STAT_H 1
| #define HAVE_SYS_TYPES_H 1
| #define HAVE_UNISTD_H 1
| #define STDC_HEADERS 1
| #define HAVE_DLFCN_H 1
| #define LT_OBJDIR ".libs/"
| #define EMULATED_HOST_CPU_TYPE 16777223
| #define EMULATED_HOST_CPU_SUBTYPE 3
| #define __STDC_LIMIT_MACROS 1
| #define __STDC_CONSTANT_MACROS 1
| #define HAVE_EXECINFO_H 1
| #define HAVE_UUID_UUID_H 1
| /* end confdefs.h.  */
| 
| /* Override any GCC internal prototype to avoid an error.
|    Use char because int might match the return type of a GCC
|    builtin and then its argument prototype would still apply.
|    The 'extern "C"' is for builds by C++ compilers;
|    although this is not generally supported in C code supporting it here
|    has little cost and some practical benefit (sr 110532).  */
| #ifdef __cplusplus
| extern "C"
| #endif
| char __cxa_demangle (void);
| int
| main (void)
| {
| return __cxa_demangle ();
|   ;
|   return 0;
| }
configure:22443: result: no
configure:22450: checking for __cxa_demangle in -lsupc++
configure:22479: clang -std=gnu23 -std=gnu23 -o conftest -O3 -isystem /usr/local/include -isystem /usr/pkg/include   -L/usr/local/lib -L/usr/pkg/lib conftest.c -lsupc++   >&5
configure:22479: $? = 0
configure:22491: result: yes
configure:22568: checking whether clang -std=gnu23 -std=gnu23 supports -Wno-shift-negative-value
configure:22574: clang -std=gnu23 -std=gnu23 -c -O3 -isystem /usr/local/include -isystem /usr/pkg/include -Werror -Wno-shift-negative-value  conftest.c >&5
configure:22574: $? = 0
configure:22577: result: yes
configure:22597: checking whether ld supports -rpath,<path>,--enable-new-dtags
configure:22603: clang -std=gnu23 -std=gnu23 -o conftest -O3 -isystem /usr/local/include -isystem /usr/pkg/include   -L/usr/local/lib -L/usr/pkg/lib -Wl,-rpath,/usr/local/lib,--enable-new-dtags conftest.c  >&5
configure:22603: $? = 0
configure:22606: result: yes
configure:22654: checking for llvm-config
configure:22693: result: no
configure:22654: checking for llvm-config-5.0
configure:22693: result: no
configure:22654: checking for llvm-config-4.0
configure:22693: result: no
configure:22654: checking for llvm-config-3.9
configure:22693: result: no
configure:22654: checking for llvm-config-3.8
configure:22693: result: no
configure:22654: checking for llvm-config-3.7
configure:22693: result: no
configure:22654: checking for llvm-config-3.6
configure:22693: result: no
configure:22654: checking for llvm-config-3.5
configure:22693: result: no
configure:22654: checking for llvm-config-3.4
configure:22693: result: no
configure:22654: checking for llvm-config-3.3
configure:22693: result: no
configure:22654: checking for llvm-config-3.2
configure:22693: result: no
configure:22654: checking for llvm-config-3.1
configure:22693: result: no
configure:22654: checking for llvm-config50
configure:22693: result: no
configure:22654: checking for llvm-config40
configure:22693: result: no
configure:22654: checking for llvm-config39
configure:22693: result: no
configure:22654: checking for llvm-config38
configure:22693: result: no
configure:22654: checking for llvm-config37
configure:22693: result: no
configure:22654: checking for llvm-config36
configure:22693: result: no
configure:22654: checking for llvm-config35
configure:22693: result: no
configure:22654: checking for llvm-config34
configure:22693: result: no
configure:22654: checking for llvm-config33
configure:22693: result: no
configure:22654: checking for llvm-config32
configure:22693: result: no
configure:22654: checking for llvm-config31
configure:22693: result: no
configure:22777: WARNING: llvm-config not found, disabling LTO support
configure:22900: checking for _ZN4tapi10APIVersion8getMajorEv in -ltapi
configure:22929: clang -std=gnu23 -std=gnu23 -o conftest -O3 -isystem /usr/local/include -isystem /usr/pkg/include  -isystem /include  -L/usr/local/lib -L/usr/pkg/lib  -L/lib -L/lib64 -Wl,-rpath,/lib,--enable-new-dtags -Wl,-rpath,/lib64,--enable-new-dtags -Wl,-rpath,/lib32,--enable-new-dtags conftest.c -ltapi   >&5
/usr/bin/ld: cannot find -ltapi: No such file or directory
clang: error: linker command failed with exit code 1 (use -v to see invocation)
configure:22929: $? = 1
configure: failed program was:
| /* confdefs.h */
| #define PACKAGE_NAME "cctools"
| #define PACKAGE_TARNAME "cctools"
| #define PACKAGE_VERSION "895"
| #define PACKAGE_STRING "cctools 895"
| #define PACKAGE_BUGREPORT "t.poechtrager@gmail.com"
| #define PACKAGE_URL ""
| #define HAVE_STDIO_H 1
| #define HAVE_STDLIB_H 1
| #define HAVE_STRING_H 1
| #define HAVE_INTTYPES_H 1
| #define HAVE_STDINT_H 1
| #define HAVE_STRINGS_H 1
| #define HAVE_SYS_STAT_H 1
| #define HAVE_SYS_TYPES_H 1
| #define HAVE_UNISTD_H 1
| #define STDC_HEADERS 1
| #define HAVE_DLFCN_H 1
| #define LT_OBJDIR ".libs/"
| #define EMULATED_HOST_CPU_TYPE 16777223
| #define EMULATED_HOST_CPU_SUBTYPE 3
| #define __STDC_LIMIT_MACROS 1
| #define __STDC_CONSTANT_MACROS 1
| #define HAVE_EXECINFO_H 1
| #define HAVE_UUID_UUID_H 1
| /* end confdefs.h.  */
| 
| /* Override any GCC internal prototype to avoid an error.
|    Use char because int might match the return type of a GCC
|    builtin and then its argument prototype would still apply.
|    The 'extern "C"' is for builds by C++ compilers;
|    although this is not generally supported in C code supporting it here
|    has little cost and some practical benefit (sr 110532).  */
| #ifdef __cplusplus
| extern "C"
| #endif
| char _ZN4tapi10APIVersion8getMajorEv (void);
| int
| main (void)
| {
| return _ZN4tapi10APIVersion8getMajorEv ();
|   ;
|   return 0;
| }
configure:22941: result: no
configure:23005: checking whether byte ordering is bigendian
configure:23021: clang -std=gnu23 -std=gnu23 -c -O3 -isystem /usr/local/include -isystem /usr/pkg/include  -isystem /include conftest.c >&5
conftest.c:28:9: error: unknown type name 'not'
   28 |                not a universal capable compiler
      |                ^
conftest.c:28:14: error: expected ';' after top level declarator
   28 |                not a universal capable compiler
      |                     ^
      |                     ;
2 errors generated.
configure:23021: $? = 1
configure: failed program was:
| /* confdefs.h */
| #define PACKAGE_NAME "cctools"
| #define PACKAGE_TARNAME "cctools"
| #define PACKAGE_VERSION "895"
| #define PACKAGE_STRING "cctools 895"
| #define PACKAGE_BUGREPORT "t.poechtrager@gmail.com"
| #define PACKAGE_URL ""
| #define HAVE_STDIO_H 1
| #define HAVE_STDLIB_H 1
| #define HAVE_STRING_H 1
| #define HAVE_INTTYPES_H 1
| #define HAVE_STDINT_H 1
| #define HAVE_STRINGS_H 1
| #define HAVE_SYS_STAT_H 1
| #define HAVE_SYS_TYPES_H 1
| #define HAVE_UNISTD_H 1
| #define STDC_HEADERS 1
| #define HAVE_DLFCN_H 1
| #define LT_OBJDIR ".libs/"
| #define EMULATED_HOST_CPU_TYPE 16777223
| #define EMULATED_HOST_CPU_SUBTYPE 3
| #define __STDC_LIMIT_MACROS 1
| #define __STDC_CONSTANT_MACROS 1
| #define HAVE_EXECINFO_H 1
| #define HAVE_UUID_UUID_H 1
| /* end confdefs.h.  */
| #ifndef __APPLE_CC__
| 	       not a universal capable compiler
| 	     #endif
| 	     typedef int dummy;
| 
configure:23067: clang -std=gnu23 -std=gnu23 -c -O3 -isystem /usr/local/include -isystem /usr/pkg/include  -isystem /include conftest.c >&5
configure:23067: $? = 0
configure:23086: clang -std=gnu23 -std=gnu23 -c -O3 -isystem /usr/local/include -isystem /usr/pkg/include  -isystem /include conftest.c >&5
conftest.c:34:4: error: use of undeclared identifier 'not'
   34 |                  not big endian
      |                  ^~~
1 error generated.
configure:23086: $? = 1
configure: failed program was:
| /* confdefs.h */
| #define PACKAGE_NAME "cctools"
| #define PACKAGE_TARNAME "cctools"
| #define PACKAGE_VERSION "895"
| #define PACKAGE_STRING "cctools 895"
| #define PACKAGE_BUGREPORT "t.poechtrager@gmail.com"
| #define PACKAGE_URL ""
| #define HAVE_STDIO_H 1
| #define HAVE_STDLIB_H 1
| #define HAVE_STRING_H 1
| #define HAVE_INTTYPES_H 1
| #define HAVE_STDINT_H 1
| #define HAVE_STRINGS_H 1
| #define HAVE_SYS_STAT_H 1
| #define HAVE_SYS_TYPES_H 1
| #define HAVE_UNISTD_H 1
| #define STDC_HEADERS 1
| #define HAVE_DLFCN_H 1
| #define LT_OBJDIR ".libs/"
| #define EMULATED_HOST_CPU_TYPE 16777223
| #define EMULATED_HOST_CPU_SUBTYPE 3
| #define __STDC_LIMIT_MACROS 1
| #define __STDC_CONSTANT_MACROS 1
| #define HAVE_EXECINFO_H 1
| #define HAVE_UUID_UUID_H 1
| /* end confdefs.h.  */
| #include <sys/types.h>
| 		#include <sys/param.h>
| 
| int
| main (void)
| {
| #if BYTE_ORDER != BIG_ENDIAN
| 		 not big endian
| 		#endif
| 
|   ;
|   return 0;
| }
configure:23227: result: no
configure:23406: checking that generated files are newer than configure
configure:23412: result: done
configure:23452: creating ./config.status

## ---------------------- ##
## Running config.status. ##
## ---------------------- ##

This file was extended by cctools config.status 895, which was
generated by GNU Autoconf 2.73.  Invocation command line was

  CONFIG_FILES    = 
  CONFIG_HEADERS  = 
  CONFIG_LINKS    = 
  CONFIG_COMMANDS = 
  $ ./config.status 

on LancerA400

config.status:1153: creating Makefile
config.status:1153: creating libstuff/Makefile
config.status:1153: creating ar/Makefile
config.status:1153: creating as/Makefile
config.status:1153: creating as/arm/Makefile
config.status:1153: creating as/i386/Makefile
config.status:1153: creating as/x86_64/Makefile
config.status:1153: creating as/ppc/Makefile
config.status:1153: creating as/ppc64/Makefile
config.status:1153: creating misc/Makefile
config.status:1153: creating otool/Makefile
config.status:1153: creating ld64/Makefile
config.status:1153: creating ld64/src/Makefile
config.status:1153: creating ld64/src/3rd/Makefile
config.status:1153: creating ld64/src/3rd/BlocksRuntime/Makefile
config.status:1153: creating ld64/src/ld/Makefile
config.status:1153: creating ld64/src/ld/parsers/Makefile
config.status:1153: creating ld64/src/ld/passes/Makefile
config.status:1153: creating ld64/src/other/Makefile
config.status:1325: executing libtool commands

## ---------------- ##
## Cache variables. ##
## ---------------- ##

ac_cv_build=x86_64-pc-linux-gnu
ac_cv_c_bigendian=no
ac_cv_c_compiler_gnu=yes
ac_cv_cxx_compiler_gnu=yes
ac_cv_env_CCASFLAGS_set=
ac_cv_env_CCASFLAGS_value=
ac_cv_env_CCAS_set=
ac_cv_env_CCAS_value=
ac_cv_env_CCC_set=
ac_cv_env_CCC_value=
ac_cv_env_CC_set=
ac_cv_env_CC_value=
ac_cv_env_CFLAGS_set=
ac_cv_env_CFLAGS_value=
ac_cv_env_CPPFLAGS_set=
ac_cv_env_CPPFLAGS_value=
ac_cv_env_CXXCPP_set=
ac_cv_env_CXXCPP_value=
ac_cv_env_CXXFLAGS_set=
ac_cv_env_CXXFLAGS_value=
ac_cv_env_CXX_set=
ac_cv_env_CXX_value=
ac_cv_env_LDFLAGS_set=
ac_cv_env_LDFLAGS_value=
ac_cv_env_LIBS_set=
ac_cv_env_LIBS_value=
ac_cv_env_LT_SYS_LIBRARY_PATH_set=
ac_cv_env_LT_SYS_LIBRARY_PATH_value=
ac_cv_env_OBJCFLAGS_set=
ac_cv_env_OBJCFLAGS_value=
ac_cv_env_OBJC_set=
ac_cv_env_OBJC_value=
ac_cv_env_build_alias_set=
ac_cv_env_build_alias_value=
ac_cv_env_host_alias_set=
ac_cv_env_host_alias_value=
ac_cv_env_target_alias_set=
ac_cv_env_target_alias_value=
ac_cv_func_strmode=no
ac_cv_header_dlfcn_h=yes
ac_cv_header_execinfo_h=yes
ac_cv_header_inttypes_h=yes
ac_cv_header_stdint_h=yes
ac_cv_header_stdio_h=yes
ac_cv_header_stdlib_h=yes
ac_cv_header_string_h=yes
ac_cv_header_strings_h=yes
ac_cv_header_sys_stat_h=yes
ac_cv_header_sys_types_h=yes
ac_cv_header_unistd_h=yes
ac_cv_header_uuid_uuid_h=yes
ac_cv_host=x86_64-pc-linux-gnu
ac_cv_lib_cpp___cxa_demangle=no
ac_cv_lib_cppabi___cxa_demangle=no
ac_cv_lib_dl_dlopen=yes
ac_cv_lib_execinfo_backtrace=no
ac_cv_lib_pthread_pthread_create=yes
ac_cv_lib_supcpp___cxa_demangle=yes
ac_cv_lib_tapi__ZN4tapi10APIVersion8getMajorEv=no
ac_cv_lib_uuid_uuid_generate_random=yes
ac_cv_objc_compiler_gnu=yes
ac_cv_objext=o
ac_cv_path_EGREP='/usr/bin/grep -E'
ac_cv_path_EGREP_TRADITIONAL='/usr/bin/grep -E'
ac_cv_path_FGREP='/usr/bin/grep -F'
ac_cv_path_GREP=/usr/bin/grep
ac_cv_path_SED=/usr/bin/sed
ac_cv_path_install='/usr/bin/install -c'
ac_cv_path_lt_DD=/usr/bin/dd
ac_cv_path_mkdir=/usr/bin/mkdir
ac_cv_prog_AWK=gawk
ac_cv_prog_CXXCPP='clang++ -E'
ac_cv_prog_FILECMD=file
ac_cv_prog_ac_ct_AR=ar
ac_cv_prog_ac_ct_CC=clang
ac_cv_prog_ac_ct_HOST_AR=ar
ac_cv_prog_ac_ct_HOST_RANLIB=ranlib
ac_cv_prog_ac_ct_OBJC=clang
ac_cv_prog_ac_ct_OBJDUMP=objdump
ac_cv_prog_ac_ct_RANLIB=ranlib
ac_cv_prog_ac_ct_STRIP=strip
ac_cv_prog_cc_c23=-std=gnu23
ac_cv_prog_cc_g=yes
ac_cv_prog_cc_stdc=-std=gnu23
ac_cv_prog_cxx_g=yes
ac_cv_prog_make_make_set=yes
ac_cv_prog_objc_g=yes
ac_cv_target=x86_64-pc-linux-gnu
am_cv_filesystem_timestamp_resolution=0.01
am_cv_make_support_nested_variables=yes
am_cv_prog_cc_c_o=yes
am_cv_prog_tar_ustar=gnutar
am_cv_sleep_fractional_seconds=yes
am_cv_xargs_n_works=yes
lt_cv_ar_at_file=@
lt_cv_archive_cmds_need_lc=no
lt_cv_archive_cmds_need_lc_OBJC=no
lt_cv_deplibs_check_method=pass_all
lt_cv_file_magic_cmd='$MAGIC_CMD'
lt_cv_file_magic_test_file=
lt_cv_ld_reload_flag=-r
lt_cv_nm_interface='BSD nm'
lt_cv_objc_compiles=no
lt_cv_objdir=.libs
lt_cv_path_LD=/usr/bin/ld
lt_cv_path_LDCXX='/usr/bin/ld -m elf_x86_64'
lt_cv_path_NM='/usr/bin/nm -B'
lt_cv_path_manifest_tool=no
lt_cv_prog_compiler_c_o=yes
lt_cv_prog_compiler_c_o_CXX=yes
lt_cv_prog_compiler_c_o_OBJC=yes
lt_cv_prog_compiler_pic='-fPIC -DPIC'
lt_cv_prog_compiler_pic_CXX='-fPIC -DPIC'
lt_cv_prog_compiler_pic_OBJC=-fPIC
lt_cv_prog_compiler_pic_works=yes
lt_cv_prog_compiler_pic_works_CXX=yes
lt_cv_prog_compiler_pic_works_OBJC=yes
lt_cv_prog_compiler_rtti_exceptions=yes
lt_cv_prog_compiler_static_works=yes
lt_cv_prog_compiler_static_works_CXX=yes
lt_cv_prog_compiler_static_works_OBJC=yes
lt_cv_prog_gnu_ld=yes
lt_cv_prog_gnu_ldcxx=yes
lt_cv_sharedlib_from_linklib_cmd='printf %s\n'
lt_cv_shlibpath_overrides_runpath=yes
lt_cv_sys_global_symbol_pipe='/usr/bin/sed -n -e '\''s/^.*[	 ]\([ABCDGIRSTW][ABCDGIRSTW]*\)[	 ][	 ]*\([_A-Za-z][_A-Za-z0-9]*\)$/\1 \2 \2/p'\'' | /usr/bin/sed '\''/ __gnu_lto/d'\'''
lt_cv_sys_global_symbol_to_c_name_address='/usr/bin/sed -n -e '\''s/^: \(.*\) .*$/  {"\1", (void *) 0},/p'\'' -e '\''s/^[ABCDGIRSTW][ABCDGIRSTW]* .* \([a-zA-Z_][a-zA-Z0-9_]*\)$/  {"\1", (void *) \&\1},/p'\'''
lt_cv_sys_global_symbol_to_c_name_address_lib_prefix='/usr/bin/sed -n -e '\''s/^: \(.*\) .*$/  {"\1", (void *) 0},/p'\'' -e '\''s/^[ABCDGIRSTW][ABCDGIRSTW]* .* \(lib[a-zA-Z_][a-zA-Z0-9_]*\)$/  {"\1", (void *) \&\1},/p'\'' -e '\''s/^[ABCDGIRSTW][ABCDGIRSTW]* .* \([a-zA-Z_][a-zA-Z0-9_]*\)$/  {"lib\1", (void *) \&\1},/p'\'''
lt_cv_sys_global_symbol_to_cdecl='/usr/bin/sed -n -e '\''s/^T .* \([a-zA-Z_][a-zA-Z0-9_]*\)$/extern int \1();/p'\'' -e '\''s/^[ABCDGIRSTW][ABCDGIRSTW]* .* \([a-zA-Z_][a-zA-Z0-9_]*\)$/extern char \1;/p'\'''
lt_cv_sys_global_symbol_to_import=
lt_cv_sys_max_cmd_len=1572864
lt_cv_to_host_file_cmd=func_convert_file_noop
lt_cv_to_tool_file_cmd=func_convert_file_noop
lt_cv_truncate_bin='/usr/bin/dd bs=4096 count=1'

## ----------------- ##
## Output variables. ##
## ----------------- ##

ACLOCAL='${SHELL} '\''/home/milo/Projects/pocketdarwin/SDK/cctools/missing'\'' aclocal-1.18'
AMTAR='$${TAR-tar}'
AM_BACKSLASH='\'
AM_DEFAULT_V='$(AM_DEFAULT_VERBOSITY)'
AM_DEFAULT_VERBOSITY='1'
AM_V='$(V)'
AR='ar'
ASLIBEXECDIR='${libexecdir}/as'
AUTOCONF='${SHELL} '\''/home/milo/Projects/pocketdarwin/SDK/cctools/missing'\'' autoconf'
AUTOHEADER='${SHELL} '\''/home/milo/Projects/pocketdarwin/SDK/cctools/missing'\'' autoheader'
AUTOMAKE='${SHELL} '\''/home/milo/Projects/pocketdarwin/SDK/cctools/missing'\'' automake-1.18'
AWK='gawk'
CC='clang -std=gnu23 -std=gnu23'
CCAS='clang -std=gnu23 -std=gnu23'
CCASFLAGS='-O3 -isystem /usr/local/include -isystem /usr/pkg/include'
CFLAGS='-O3 -isystem /usr/local/include -isystem /usr/pkg/include'
CPPFLAGS=' -isystem /include'
CSCOPE='cscope'
CTAGS='ctags'
CXX='clang++'
CXXABI_LIB='-lsupc++'
CXXCPP='clang++ -E'
CXXFLAGS='-O3 -std=c++0x -isystem /usr/local/include -isystem /usr/pkg/include  -fblocks -isystem /include'
CYGPATH_W='echo'
DEFS='-DPACKAGE_NAME=\"cctools\" -DPACKAGE_TARNAME=\"cctools\" -DPACKAGE_VERSION=\"895\" -DPACKAGE_STRING=\"cctools\ 895\" -DPACKAGE_BUGREPORT=\"t.poechtrager@gmail.com\" -DPACKAGE_URL=\"\" -DHAVE_STDIO_H=1 -DHAVE_STDLIB_H=1 -DHAVE_STRING_H=1 -DHAVE_INTTYPES_H=1 -DHAVE_STDINT_H=1 -DHAVE_STRINGS_H=1 -DHAVE_SYS_STAT_H=1 -DHAVE_SYS_TYPES_H=1 -DHAVE_UNISTD_H=1 -DSTDC_HEADERS=1 -DHAVE_DLFCN_H=1 -DLT_OBJDIR=\".libs/\" -DEMULATED_HOST_CPU_TYPE=16777223 -DEMULATED_HOST_CPU_SUBTYPE=3 -D__STDC_LIMIT_MACROS=1 -D__STDC_CONSTANT_MACROS=1 -DHAVE_EXECINFO_H=1 -DHAVE_UUID_UUID_H=1'
DLLTOOL='false'
DL_LIB='-ldl'
DSYMUTIL=''
DUMPBIN=''
ECHO_C=''
ECHO_N='-n'
ECHO_T=''
EGREP='/usr/bin/grep -E'
ENDIAN_FLAG='-D__LITTLE_ENDIAN__=1'
ETAGS='etags'
EXECINFO_LIB=''
EXEEXT=''
FGREP='/usr/bin/grep -F'
FILECMD='file'
GNUSTEP_CONFIG=''
GREP='/usr/bin/grep'
HOST_AR='ar'
HOST_RANLIB='ranlib'
INSTALL_DATA='${INSTALL} -m 644'
INSTALL_PROGRAM='${INSTALL}'
INSTALL_SCRIPT='${INSTALL}'
INSTALL_STRIP_PROGRAM='$(install_sh) -c -s'
ISDARWIN_FALSE=''
ISDARWIN_TRUE='#'
LD='/usr/bin/ld -m elf_x86_64'
LDFLAGS=' -L/usr/local/lib -L/usr/pkg/lib  -L/lib -L/lib64 -Wl,-rpath,/lib,--enable-new-dtags -Wl,-rpath,/lib64,--enable-new-dtags -Wl,-rpath,/lib32,--enable-new-dtags'
LIBOBJS=''
LIBS=''
LIBTOOL='$(SHELL) $(top_builddir)/libtool'
LIPO=''
LLVM_CONFIG='no'
LLVM_INCLUDE_DIR=''
LLVM_LIB_DIR=''
LN_S='ln -s'
LTLIBOBJS=''
LTO_DEF=''
LTO_LIB=''
LTO_RPATH=''
LT_SYS_LIBRARY_PATH=''
MAINT='#'
MAINTAINER_MODE_FALSE=''
MAINTAINER_MODE_TRUE='#'
MAKEINFO='${SHELL} '\''/home/milo/Projects/pocketdarwin/SDK/cctools/missing'\'' makeinfo'
MANIFEST_TOOL=':'
MKDIR_P='/usr/bin/mkdir -p'
NM='/usr/bin/nm -B'
NMEDIT=''
OBJC='clang'
OBJCFLAGS='-O3'
OBJCWARNINGS='-Wall -Wno-objc-root-class -Wno-deprecated-objc-isa-usage'
OBJDUMP='objdump'
OBJEXT='o'
OTOOL64=''
OTOOL=''
PACKAGE='cctools'
PACKAGE_BUGREPORT='t.poechtrager@gmail.com'
PACKAGE_NAME='cctools'
PACKAGE_STRING='cctools 895'
PACKAGE_TARNAME='cctools'
PACKAGE_URL=''
PACKAGE_VERSION='895'
PATH_SEPARATOR=':'
PROGRAM_PREFIX=''
PTHREAD_FLAGS='-pthread'
RANLIB='ranlib'
SED='/usr/bin/sed'
SET_MAKE=''
SHELL='/bin/sh'
STRIP='strip'
TAPI_DEF=''
TAPI_LIB=''
UUID_LIB='-luuid'
VERSION='895'
WARNINGS=' -Wall -Wno-long-long -Wno-import -Wno-format -Wno-deprecated -Wno-unused-variable -Wno-unused-private-field -Wno-unused-function -Wno-invalid-offsetof -Wno-int-conversion -Wno-char-subscripts -Wno-shift-negative-value'
XAR_LIB=''
ac_ct_AR='ar'
ac_ct_CC='clang'
ac_ct_CXX=''
ac_ct_DUMPBIN=''
ac_ct_OBJC='clang'
am__EXEEXT_FALSE=''
am__EXEEXT_TRUE='#'
am__isrc=''
am__leading_dot='.'
am__rm_f_notfound=''
am__tar='tar --format=ustar -chf - "$$tardir"'
am__untar='tar -xf -'
am__xargs_n='xargs -n'
bindir='${exec_prefix}/bin'
build='x86_64-pc-linux-gnu'
build_alias=''
build_cpu='x86_64'
build_os='linux-gnu'
build_vendor='pc'
datadir='${datarootdir}'
datarootdir='${prefix}/share'
docdir='${datarootdir}/doc/${PACKAGE_TARNAME}'
dvidir='${docdir}'
exec_prefix='${prefix}'
host='x86_64-pc-linux-gnu'
host_alias=''
host_cpu='x86_64'
host_os='linux-gnu'
host_vendor='pc'
htmldir='${docdir}'
includedir='${prefix}/include'
infodir='${datarootdir}/info'
install_sh='${SHELL} /home/milo/Projects/pocketdarwin/SDK/cctools/install-sh'
libdir='${exec_prefix}/lib'
libexecdir='${exec_prefix}/libexec'
localedir='${datarootdir}/locale'
localstatedir='${prefix}/var'
mandir='${datarootdir}/man'
mkdir_p='$(MKDIR_P)'
oldincludedir='/usr/include'
pdfdir='${docdir}'
prefix='/usr'
program_transform_name='s,x,x,'
psdir='${docdir}'
runstatedir='${localstatedir}/run'
sbindir='${exec_prefix}/sbin'
sharedstatedir='${prefix}/com'
sysconfdir='${prefix}/etc'
target='x86_64-pc-linux-gnu'
target_alias=''
target_cpu='x86_64'
target_os='linux-gnu'
target_vendor='pc'

## ----------- ##
## confdefs.h. ##
## ----------- ##

/* confdefs.h */
#define PACKAGE_NAME "cctools"
#define PACKAGE_TARNAME "cctools"
#define PACKAGE_VERSION "895"
#define PACKAGE_STRING "cctools 895"
#define PACKAGE_BUGREPORT "t.poechtrager@gmail.com"
#define PACKAGE_URL ""
#define HAVE_STDIO_H 1
#define HAVE_STDLIB_H 1
#define HAVE_STRING_H 1
#define HAVE_INTTYPES_H 1
#define HAVE_STDINT_H 1
#define HAVE_STRINGS_H 1
#define HAVE_SYS_STAT_H 1
#define HAVE_SYS_TYPES_H 1
#define HAVE_UNISTD_H 1
#define STDC_HEADERS 1
#define HAVE_DLFCN_H 1
#define LT_OBJDIR ".libs/"
#define EMULATED_HOST_CPU_TYPE 16777223
#define EMULATED_HOST_CPU_SUBTYPE 3
#define __STDC_LIMIT_MACROS 1
#define __STDC_CONSTANT_MACROS 1
#define HAVE_EXECINFO_H 1
#define HAVE_UUID_UUID_H 1

configure: exit 
