This is gnustep-make 2.9.3. Type 'make print-gnustep-make-help' for help.
Running in gnustep-make version 2 strict mode.
Making build-headers for framework GNUKext...
 Creating GNUKext.framework/Versions/0.1/Headers...
 Creating GNUKext.framework/Versions/0.1/Headers/IOKit/...
 Creating GNUKext.framework/Versions/0.1/Headers/GNUKext.h...
 Creating GNUKext.framework/Versions/0.1/Headers/libkern.h...
 Creating GNUKext.framework/Versions/0.1/Headers/LinuxModule.h...
 Creating GNUKext.framework/Versions/0.1/Headers/BSDModule.h...
 Creating GNUKext.framework/Versions/0.1/Headers/DarwinModule.h...
 Creating GNUKext.framework/Versions/0.1/Headers/GNUKextDriver.h...
 Creating GNUKext.framework/Versions/0.1/Headers/GNUKextRegistry.h...
 Creating GNUKext.framework/Versions/0.1/Headers/GNUKextPersonality.h...
 Creating GNUKext.framework/Versions/0.1/Headers/kIOPlatformHandler.h...
 Creating GNUKext.framework/Versions/0.1/Headers/IOKit/IOReturn.h...
 Creating GNUKext.framework/Versions/0.1/Headers/IOKit/IOKitLib.h...
 Creating GNUKext.framework/Versions/0.1/Headers/IOKit/IOMessage.h...
 Creating GNUKext.framework/Versions/0.1/Headers/IOKit/IOTypes.h...
 Creating GNUKext.framework/Versions/0.1/Headers/IOKit/IOKitServer.h...
 Creating derived_src/.stamp...
 Creating GNUKext.framework/Versions/0.1/Resources...
 Updating Version/Current symlink...
Making all in kextldr.subproj ...
Making all for tool kextldr...
 Compiling file main.m ...
 Linking tool kextldr ...
/usr/bin/ld: /tmp/ccwlWD0G.ltrans0.ltrans.o: in function `main':
/home/milo/Documents/PocketDarwin/Frameworks/GNUKext/kextldr.subproj/main.m:207:(.text.startup+0x82): undefined reference to `kIOPlatformInitialize'
/usr/bin/ld: /tmp/ccwlWD0G.ltrans0.ltrans.o:(.data.rel+0x18): undefined reference to `__objc_class_name_libkernDriver'
/usr/bin/ld: /tmp/ccwlWD0G.ltrans0.ltrans.o:(.data.rel+0x20): undefined reference to `__objc_class_name_GNUKext'
/usr/bin/ld: /tmp/ccwlWD0G.ltrans0.ltrans.o:(.data.rel+0x30): undefined reference to `__objc_class_name_kIOPlatformHandler'
collect2: error: ld returned 1 exit status
make[4]: *** [/usr/share/GNUstep/Makefiles/Instance/tool.make:89: obj/kextldr] Error 1
make[3]: *** [/usr/share/GNUstep/Makefiles/Instance/tool.make:74: internal-tool-all_] Error 2
make[2]: *** [/usr/share/GNUstep/Makefiles/Master/rules.make:297: kextldr.all.tool.variables] Error 2
make[1]: *** [/usr/share/GNUstep/Makefiles/Master/tool.make:71: internal-all] Error 2
make: *** [/usr/share/GNUstep/Makefiles/Master/serial-subdirectories.make:53: internal-all] Error 2
